<?xml version="1.0" encoding="UTF-8"?>
<!-- Generated by org.testng.reporters.JUnitReportReporter -->
<testsuite skipped="0" hostname="ABBALMOO-IN" name="flipkartDemo.TestNgDemo" tests="2" failures="0" timestamp="2020-03-19T08:00:37 IST" time="0.025" errors="0">
  <testcase name="f1" time="0.013" classname="flipkartDemo.TestNgDemo"/>
  <system-out/>
  <testcase name="f" time="0.012" classname="flipkartDemo.TestNgDemo"/>
  <system-out/>
</testsuite> <!-- flipkartDemo.TestNgDemo -->
