<?xml version="1.0" encoding="UTF-8"?>
<!-- Generated by org.testng.reporters.JUnitReportReporter -->
<testsuite skipped="0" hostname="ABBALMOO-IN" name="flipkartDemo.TestNgClass" tests="2" failures="0" timestamp="2020-03-23T08:00:04 IST" time="30.804" errors="0">
  <testcase name="secondBrowser" time="20.107" classname="flipkartDemo.TestNgClass"/>
  <system-out/>
  <testcase name="firstBrowser" time="10.697" classname="flipkartDemo.TestNgClass"/>
  <system-out/>
</testsuite> <!-- flipkartDemo.TestNgClass -->
