<?xml version="1.0" encoding="UTF-8"?>
<!-- Generated by org.testng.reporters.JUnitReportReporter -->
<testsuite skipped="0" hostname="ABBALMOO-IN" name="flipkartDemo.TestNgClass2" tests="1" failures="0" timestamp="2020-03-19T07:36:26 IST" time="0.014" errors="0">
  <testcase name="test" time="0.014" classname="flipkartDemo.TestNgClass2"/>
  <system-out/>
</testsuite> <!-- flipkartDemo.TestNgClass2 -->
