<?xml version="1.0" encoding="UTF-8"?>
<!-- Generated by org.testng.reporters.JUnitReportReporter -->
<testsuite skipped="0" hostname="ABBALMOO-IN" name="flipkartDemo.SampleTestNg" tests="2" failures="0" timestamp="2020-03-23T07:16:46 IST" time="0.005" errors="0">
  <testcase name="test2" time="0.003" classname="flipkartDemo.SampleTestNg"/>
  <system-out/>
  <testcase name="test1" time="0.002" classname="flipkartDemo.SampleTestNg"/>
  <system-out/>
</testsuite> <!-- flipkartDemo.SampleTestNg -->
