<?xml version="1.0" encoding="UTF-8"?>
<!-- Generated by org.testng.reporters.JUnitReportReporter -->
<testsuite skipped="0" hostname="ABBALMOO-IN" name="flipkartDemo.TestNG" tests="1" failures="0" timestamp="2020-03-19T06:57:14 IST" time="0.013" errors="0">
  <testcase name="test" time="0.013" classname="flipkartDemo.TestNG"/>
  <system-out/>
</testsuite> <!-- flipkartDemo.TestNG -->
