<?xml version="1.0" encoding="UTF-8"?>
<!-- Generated by org.testng.reporters.JUnitReportReporter -->
<testsuite skipped="0" hostname="ABBALMOO-IN" name="TestProject.DemoTestNG" tests="1" failures="0" timestamp="2020-03-23T07:16:46 IST" time="0.020" errors="0">
  <testcase name="test" time="0.020" classname="TestProject.DemoTestNG"/>
  <system-out/>
</testsuite> <!-- TestProject.DemoTestNG -->
